The system is: Linux - 2.6.32-431.17.1.el6.Bull.50.x86_64 - x86_64
Compiling the C compiler identification source file "CMakeCCompilerId.c" succeeded.
Compiler: /usr/bin/cc 
Build flags: 
Id flags: 

The output was:
0


Compilation of the C compiler identification source "CMakeCCompilerId.c" produced "a.out"

The C compiler identification is GNU, found in "/ccc/cont003/home/gen7317/richarje/helene/HEAT/src-l2c/build/CMakeFiles/2.8.12.2/CompilerIdC/a.out"

Compiling the CXX compiler identification source file "CMakeCXXCompilerId.cpp" succeeded.
Compiler: /usr/bin/c++ 
Build flags: 
Id flags: 

The output was:
0


Compilation of the CXX compiler identification source "CMakeCXXCompilerId.cpp" produced "a.out"

The CXX compiler identification is GNU, found in "/ccc/cont003/home/gen7317/richarje/helene/HEAT/src-l2c/build/CMakeFiles/2.8.12.2/CompilerIdCXX/a.out"

Determining if the C compiler works passed with the following output:
Change Dir: /ccc/cont003/home/gen7317/richarje/helene/HEAT/src-l2c/build/CMakeFiles/CMakeTmp

Run Build Command:/usr/bin/gmake "cmTryCompileExec1439478601/fast"
/usr/bin/gmake -f CMakeFiles/cmTryCompileExec1439478601.dir/build.make CMakeFiles/cmTryCompileExec1439478601.dir/build
gmake[1]: Entering directory `/ccc/cont003/dsku/zinc/home/user/gen7317/richarje/helene/HEAT/src-l2c/build/CMakeFiles/CMakeTmp'
/ccc/cont003/home/gen7317/richarje/use-local/install/cmake/bin/cmake -E cmake_progress_report /ccc/cont003/home/gen7317/richarje/helene/HEAT/src-l2c/build/CMakeFiles/CMakeTmp/CMakeFiles 1
Building C object CMakeFiles/cmTryCompileExec1439478601.dir/testCCompiler.c.o
/usr/bin/cc    -o CMakeFiles/cmTryCompileExec1439478601.dir/testCCompiler.c.o   -c /ccc/cont003/home/gen7317/richarje/helene/HEAT/src-l2c/build/CMakeFiles/CMakeTmp/testCCompiler.c
Linking C executable cmTryCompileExec1439478601
/ccc/cont003/home/gen7317/richarje/use-local/install/cmake/bin/cmake -E cmake_link_script CMakeFiles/cmTryCompileExec1439478601.dir/link.txt --verbose=1
/usr/bin/cc       CMakeFiles/cmTryCompileExec1439478601.dir/testCCompiler.c.o  -o cmTryCompileExec1439478601 -rdynamic 
gmake[1]: Leaving directory `/ccc/cont003/dsku/zinc/home/user/gen7317/richarje/helene/HEAT/src-l2c/build/CMakeFiles/CMakeTmp'


Detecting C compiler ABI info compiled with the following output:
Change Dir: /ccc/cont003/home/gen7317/richarje/helene/HEAT/src-l2c/build/CMakeFiles/CMakeTmp

Run Build Command:/usr/bin/gmake "cmTryCompileExec3538033291/fast"
/usr/bin/gmake -f CMakeFiles/cmTryCompileExec3538033291.dir/build.make CMakeFiles/cmTryCompileExec3538033291.dir/build
gmake[1]: Entering directory `/ccc/cont003/dsku/zinc/home/user/gen7317/richarje/helene/HEAT/src-l2c/build/CMakeFiles/CMakeTmp'
/ccc/cont003/home/gen7317/richarje/use-local/install/cmake/bin/cmake -E cmake_progress_report /ccc/cont003/home/gen7317/richarje/helene/HEAT/src-l2c/build/CMakeFiles/CMakeTmp/CMakeFiles 1
Building C object CMakeFiles/cmTryCompileExec3538033291.dir/CMakeCCompilerABI.c.o
/usr/bin/cc    -o CMakeFiles/cmTryCompileExec3538033291.dir/CMakeCCompilerABI.c.o   -c /ccc/cont003/home/gen7317/richarje/use-local/install/cmake/share/cmake-2.8/Modules/CMakeCCompilerABI.c
Linking C executable cmTryCompileExec3538033291
/ccc/cont003/home/gen7317/richarje/use-local/install/cmake/bin/cmake -E cmake_link_script CMakeFiles/cmTryCompileExec3538033291.dir/link.txt --verbose=1
/usr/bin/cc     -v CMakeFiles/cmTryCompileExec3538033291.dir/CMakeCCompilerABI.c.o  -o cmTryCompileExec3538033291 -rdynamic  
Using built-in specs.
Target: x86_64-redhat-linux
Configured with: ../configure --prefix=/usr --mandir=/usr/share/man --infodir=/usr/share/info --with-bugurl=http://bugzilla.redhat.com/bugzilla --enable-bootstrap --enable-shared --enable-threads=posix --enable-checking=release --with-system-zlib --enable-__cxa_atexit --disable-libunwind-exceptions --enable-gnu-unique-object --enable-languages=c,c++,objc,obj-c++,java,fortran,ada --enable-java-awt=gtk --disable-dssi --with-java-home=/usr/lib/jvm/java-1.5.0-gcj-1.5.0.0/jre --enable-libgcj-multifile --enable-java-maintainer-mode --with-ecj-jar=/usr/share/java/eclipse-ecj.jar --disable-libjava-multilib --with-ppl --with-cloog --with-tune=generic --with-arch_32=i686 --build=x86_64-redhat-linux
Thread model: posix
gcc version 4.4.7 20120313 (Red Hat 4.4.7-4) (GCC) 
COMPILER_PATH=/usr/libexec/gcc/x86_64-redhat-linux/4.4.7/:/usr/libexec/gcc/x86_64-redhat-linux/4.4.7/:/usr/libexec/gcc/x86_64-redhat-linux/:/usr/lib/gcc/x86_64-redhat-linux/4.4.7/:/usr/lib/gcc/x86_64-redhat-linux/:/usr/libexec/gcc/x86_64-redhat-linux/4.4.7/:/usr/libexec/gcc/x86_64-redhat-linux/:/usr/lib/gcc/x86_64-redhat-linux/4.4.7/:/usr/lib/gcc/x86_64-redhat-linux/
LIBRARY_PATH=/usr/lib/gcc/x86_64-redhat-linux/4.4.7/:/usr/lib/gcc/x86_64-redhat-linux/4.4.7/:/usr/lib/gcc/x86_64-redhat-linux/4.4.7/../../../../lib64/:/lib/../lib64/:/usr/lib/../lib64/:/ccc/cont003/home/gen7317/richarje/use-local/classic-llcmcpp/lib/:/usr/local/fftw3-3.3.1/lib/:/ccc/cont003/home/gen7317/richarje/use-local/install/boost/lib/:/ccc/cont003/home/gen7317/richarje/use-local/install/omniorb/lib/:/ccc/cont003/home/gen7317/richarje/use-local/install/tinyxml/lib/:/ccc/cont003/home/gen7317/richarje/use-local/install/2decomp/lib/:/usr/local/fftw3-3.3.1/lib/:/ccc/cont003/home/gen7317/richarje/use-local/install/boost/lib/:/ccc/cont003/home/gen7317/richarje/use-local/install/omniorb/lib/:/ccc/cont003/home/gen7317/richarje/use-local/install/tinyxml/lib/:/ccc/cont003/home/gen7317/richarje/use-local/install/2decomp/lib/:./:/usr/lib/gcc/x86_64-redhat-linux/4.4.7/../../../:/lib/:/usr/lib/
COLLECT_GCC_OPTIONS='-v' '-o' 'cmTryCompileExec3538033291' '-rdynamic' '-mtune=generic'
 /usr/libexec/gcc/x86_64-redhat-linux/4.4.7/collect2 --eh-frame-hdr --build-id -m elf_x86_64 --hash-style=gnu -export-dynamic -dynamic-linker /lib64/ld-linux-x86-64.so.2 -o cmTryCompileExec3538033291 /usr/lib/gcc/x86_64-redhat-linux/4.4.7/../../../../lib64/crt1.o /usr/lib/gcc/x86_64-redhat-linux/4.4.7/../../../../lib64/crti.o /usr/lib/gcc/x86_64-redhat-linux/4.4.7/crtbegin.o -L/usr/lib/gcc/x86_64-redhat-linux/4.4.7 -L/usr/lib/gcc/x86_64-redhat-linux/4.4.7 -L/usr/lib/gcc/x86_64-redhat-linux/4.4.7/../../../../lib64 -L/lib/../lib64 -L/usr/lib/../lib64 -L/ccc/cont003/home/gen7317/richarje/use-local/classic-llcmcpp/lib -L/usr/local/fftw3-3.3.1/lib -L/ccc/cont003/home/gen7317/richarje/use-local/install/boost/lib -L/ccc/cont003/home/gen7317/richarje/use-local/install/omniorb/lib -L/ccc/cont003/home/gen7317/richarje/use-local/install/tinyxml/lib -L/ccc/cont003/home/gen7317/richarje/use-local/install/2decomp/lib -L/usr/local/fftw3-3.3.1/lib -L/ccc/cont003/home/gen7317/richarje/use-local/install/boost/lib -L/ccc/cont003/home/gen7317/richarje/use-local/install/omniorb/lib -L/ccc/cont003/home/gen7317/richarje/use-local/install/tinyxml/lib -L/ccc/cont003/home/gen7317/richarje/use-local/install/2decomp/lib -L. -L/usr/lib/gcc/x86_64-redhat-linux/4.4.7/../../.. CMakeFiles/cmTryCompileExec3538033291.dir/CMakeCCompilerABI.c.o -lgcc --as-needed -lgcc_s --no-as-needed -lc -lgcc --as-needed -lgcc_s --no-as-needed /usr/lib/gcc/x86_64-redhat-linux/4.4.7/crtend.o /usr/lib/gcc/x86_64-redhat-linux/4.4.7/../../../../lib64/crtn.o
gmake[1]: Leaving directory `/ccc/cont003/dsku/zinc/home/user/gen7317/richarje/helene/HEAT/src-l2c/build/CMakeFiles/CMakeTmp'


Parsed C implicit link information from above output:
  link line regex: [^( *|.*[/\])(ld|([^/\]+-)?ld|collect2)[^/\]*( |$)]
  ignore line: [Change Dir: /ccc/cont003/home/gen7317/richarje/helene/HEAT/src-l2c/build/CMakeFiles/CMakeTmp]
  ignore line: []
  ignore line: [Run Build Command:/usr/bin/gmake "cmTryCompileExec3538033291/fast"]
  ignore line: [/usr/bin/gmake -f CMakeFiles/cmTryCompileExec3538033291.dir/build.make CMakeFiles/cmTryCompileExec3538033291.dir/build]
  ignore line: [gmake[1]: Entering directory `/ccc/cont003/dsku/zinc/home/user/gen7317/richarje/helene/HEAT/src-l2c/build/CMakeFiles/CMakeTmp']
  ignore line: [/ccc/cont003/home/gen7317/richarje/use-local/install/cmake/bin/cmake -E cmake_progress_report /ccc/cont003/home/gen7317/richarje/helene/HEAT/src-l2c/build/CMakeFiles/CMakeTmp/CMakeFiles 1]
  ignore line: [Building C object CMakeFiles/cmTryCompileExec3538033291.dir/CMakeCCompilerABI.c.o]
  ignore line: [/usr/bin/cc    -o CMakeFiles/cmTryCompileExec3538033291.dir/CMakeCCompilerABI.c.o   -c /ccc/cont003/home/gen7317/richarje/use-local/install/cmake/share/cmake-2.8/Modules/CMakeCCompilerABI.c]
  ignore line: [Linking C executable cmTryCompileExec3538033291]
  ignore line: [/ccc/cont003/home/gen7317/richarje/use-local/install/cmake/bin/cmake -E cmake_link_script CMakeFiles/cmTryCompileExec3538033291.dir/link.txt --verbose=1]
  ignore line: [/usr/bin/cc     -v CMakeFiles/cmTryCompileExec3538033291.dir/CMakeCCompilerABI.c.o  -o cmTryCompileExec3538033291 -rdynamic  ]
  ignore line: [Using built-in specs.]
  ignore line: [Target: x86_64-redhat-linux]
  ignore line: [Configured with: ../configure --prefix=/usr --mandir=/usr/share/man --infodir=/usr/share/info --with-bugurl=http://bugzilla.redhat.com/bugzilla --enable-bootstrap --enable-shared --enable-threads=posix --enable-checking=release --with-system-zlib --enable-__cxa_atexit --disable-libunwind-exceptions --enable-gnu-unique-object --enable-languages=c,c++,objc,obj-c++,java,fortran,ada --enable-java-awt=gtk --disable-dssi --with-java-home=/usr/lib/jvm/java-1.5.0-gcj-1.5.0.0/jre --enable-libgcj-multifile --enable-java-maintainer-mode --with-ecj-jar=/usr/share/java/eclipse-ecj.jar --disable-libjava-multilib --with-ppl --with-cloog --with-tune=generic --with-arch_32=i686 --build=x86_64-redhat-linux]
  ignore line: [Thread model: posix]
  ignore line: [gcc version 4.4.7 20120313 (Red Hat 4.4.7-4) (GCC) ]
  ignore line: [COMPILER_PATH=/usr/libexec/gcc/x86_64-redhat-linux/4.4.7/:/usr/libexec/gcc/x86_64-redhat-linux/4.4.7/:/usr/libexec/gcc/x86_64-redhat-linux/:/usr/lib/gcc/x86_64-redhat-linux/4.4.7/:/usr/lib/gcc/x86_64-redhat-linux/:/usr/libexec/gcc/x86_64-redhat-linux/4.4.7/:/usr/libexec/gcc/x86_64-redhat-linux/:/usr/lib/gcc/x86_64-redhat-linux/4.4.7/:/usr/lib/gcc/x86_64-redhat-linux/]
  ignore line: [LIBRARY_PATH=/usr/lib/gcc/x86_64-redhat-linux/4.4.7/:/usr/lib/gcc/x86_64-redhat-linux/4.4.7/:/usr/lib/gcc/x86_64-redhat-linux/4.4.7/../../../../lib64/:/lib/../lib64/:/usr/lib/../lib64/:/ccc/cont003/home/gen7317/richarje/use-local/classic-llcmcpp/lib/:/usr/local/fftw3-3.3.1/lib/:/ccc/cont003/home/gen7317/richarje/use-local/install/boost/lib/:/ccc/cont003/home/gen7317/richarje/use-local/install/omniorb/lib/:/ccc/cont003/home/gen7317/richarje/use-local/install/tinyxml/lib/:/ccc/cont003/home/gen7317/richarje/use-local/install/2decomp/lib/:/usr/local/fftw3-3.3.1/lib/:/ccc/cont003/home/gen7317/richarje/use-local/install/boost/lib/:/ccc/cont003/home/gen7317/richarje/use-local/install/omniorb/lib/:/ccc/cont003/home/gen7317/richarje/use-local/install/tinyxml/lib/:/ccc/cont003/home/gen7317/richarje/use-local/install/2decomp/lib/:./:/usr/lib/gcc/x86_64-redhat-linux/4.4.7/../../../:/lib/:/usr/lib/]
  ignore line: [COLLECT_GCC_OPTIONS='-v' '-o' 'cmTryCompileExec3538033291' '-rdynamic' '-mtune=generic']
  link line: [ /usr/libexec/gcc/x86_64-redhat-linux/4.4.7/collect2 --eh-frame-hdr --build-id -m elf_x86_64 --hash-style=gnu -export-dynamic -dynamic-linker /lib64/ld-linux-x86-64.so.2 -o cmTryCompileExec3538033291 /usr/lib/gcc/x86_64-redhat-linux/4.4.7/../../../../lib64/crt1.o /usr/lib/gcc/x86_64-redhat-linux/4.4.7/../../../../lib64/crti.o /usr/lib/gcc/x86_64-redhat-linux/4.4.7/crtbegin.o -L/usr/lib/gcc/x86_64-redhat-linux/4.4.7 -L/usr/lib/gcc/x86_64-redhat-linux/4.4.7 -L/usr/lib/gcc/x86_64-redhat-linux/4.4.7/../../../../lib64 -L/lib/../lib64 -L/usr/lib/../lib64 -L/ccc/cont003/home/gen7317/richarje/use-local/classic-llcmcpp/lib -L/usr/local/fftw3-3.3.1/lib -L/ccc/cont003/home/gen7317/richarje/use-local/install/boost/lib -L/ccc/cont003/home/gen7317/richarje/use-local/install/omniorb/lib -L/ccc/cont003/home/gen7317/richarje/use-local/install/tinyxml/lib -L/ccc/cont003/home/gen7317/richarje/use-local/install/2decomp/lib -L/usr/local/fftw3-3.3.1/lib -L/ccc/cont003/home/gen7317/richarje/use-local/install/boost/lib -L/ccc/cont003/home/gen7317/richarje/use-local/install/omniorb/lib -L/ccc/cont003/home/gen7317/richarje/use-local/install/tinyxml/lib -L/ccc/cont003/home/gen7317/richarje/use-local/install/2decomp/lib -L. -L/usr/lib/gcc/x86_64-redhat-linux/4.4.7/../../.. CMakeFiles/cmTryCompileExec3538033291.dir/CMakeCCompilerABI.c.o -lgcc --as-needed -lgcc_s --no-as-needed -lc -lgcc --as-needed -lgcc_s --no-as-needed /usr/lib/gcc/x86_64-redhat-linux/4.4.7/crtend.o /usr/lib/gcc/x86_64-redhat-linux/4.4.7/../../../../lib64/crtn.o]
    arg [/usr/libexec/gcc/x86_64-redhat-linux/4.4.7/collect2] ==> ignore
    arg [--eh-frame-hdr] ==> ignore
    arg [--build-id] ==> ignore
    arg [-m] ==> ignore
    arg [elf_x86_64] ==> ignore
    arg [--hash-style=gnu] ==> ignore
    arg [-export-dynamic] ==> ignore
    arg [-dynamic-linker] ==> ignore
    arg [/lib64/ld-linux-x86-64.so.2] ==> ignore
    arg [-o] ==> ignore
    arg [cmTryCompileExec3538033291] ==> ignore
    arg [/usr/lib/gcc/x86_64-redhat-linux/4.4.7/../../../../lib64/crt1.o] ==> ignore
    arg [/usr/lib/gcc/x86_64-redhat-linux/4.4.7/../../../../lib64/crti.o] ==> ignore
    arg [/usr/lib/gcc/x86_64-redhat-linux/4.4.7/crtbegin.o] ==> ignore
    arg [-L/usr/lib/gcc/x86_64-redhat-linux/4.4.7] ==> dir [/usr/lib/gcc/x86_64-redhat-linux/4.4.7]
    arg [-L/usr/lib/gcc/x86_64-redhat-linux/4.4.7] ==> dir [/usr/lib/gcc/x86_64-redhat-linux/4.4.7]
    arg [-L/usr/lib/gcc/x86_64-redhat-linux/4.4.7/../../../../lib64] ==> dir [/usr/lib/gcc/x86_64-redhat-linux/4.4.7/../../../../lib64]
    arg [-L/lib/../lib64] ==> dir [/lib/../lib64]
    arg [-L/usr/lib/../lib64] ==> dir [/usr/lib/../lib64]
    arg [-L/ccc/cont003/home/gen7317/richarje/use-local/classic-llcmcpp/lib] ==> dir [/ccc/cont003/home/gen7317/richarje/use-local/classic-llcmcpp/lib]
    arg [-L/usr/local/fftw3-3.3.1/lib] ==> dir [/usr/local/fftw3-3.3.1/lib]
    arg [-L/ccc/cont003/home/gen7317/richarje/use-local/install/boost/lib] ==> dir [/ccc/cont003/home/gen7317/richarje/use-local/install/boost/lib]
    arg [-L/ccc/cont003/home/gen7317/richarje/use-local/install/omniorb/lib] ==> dir [/ccc/cont003/home/gen7317/richarje/use-local/install/omniorb/lib]
    arg [-L/ccc/cont003/home/gen7317/richarje/use-local/install/tinyxml/lib] ==> dir [/ccc/cont003/home/gen7317/richarje/use-local/install/tinyxml/lib]
    arg [-L/ccc/cont003/home/gen7317/richarje/use-local/install/2decomp/lib] ==> dir [/ccc/cont003/home/gen7317/richarje/use-local/install/2decomp/lib]
    arg [-L/usr/local/fftw3-3.3.1/lib] ==> dir [/usr/local/fftw3-3.3.1/lib]
    arg [-L/ccc/cont003/home/gen7317/richarje/use-local/install/boost/lib] ==> dir [/ccc/cont003/home/gen7317/richarje/use-local/install/boost/lib]
    arg [-L/ccc/cont003/home/gen7317/richarje/use-local/install/omniorb/lib] ==> dir [/ccc/cont003/home/gen7317/richarje/use-local/install/omniorb/lib]
    arg [-L/ccc/cont003/home/gen7317/richarje/use-local/install/tinyxml/lib] ==> dir [/ccc/cont003/home/gen7317/richarje/use-local/install/tinyxml/lib]
    arg [-L/ccc/cont003/home/gen7317/richarje/use-local/install/2decomp/lib] ==> dir [/ccc/cont003/home/gen7317/richarje/use-local/install/2decomp/lib]
    arg [-L.] ==> ignore
    arg [-L/usr/lib/gcc/x86_64-redhat-linux/4.4.7/../../..] ==> dir [/usr/lib/gcc/x86_64-redhat-linux/4.4.7/../../..]
    arg [CMakeFiles/cmTryCompileExec3538033291.dir/CMakeCCompilerABI.c.o] ==> ignore
    arg [-lgcc] ==> lib [gcc]
    arg [--as-needed] ==> ignore
    arg [-lgcc_s] ==> lib [gcc_s]
    arg [--no-as-needed] ==> ignore
    arg [-lc] ==> lib [c]
    arg [-lgcc] ==> lib [gcc]
    arg [--as-needed] ==> ignore
    arg [-lgcc_s] ==> lib [gcc_s]
    arg [--no-as-needed] ==> ignore
    arg [/usr/lib/gcc/x86_64-redhat-linux/4.4.7/crtend.o] ==> ignore
    arg [/usr/lib/gcc/x86_64-redhat-linux/4.4.7/../../../../lib64/crtn.o] ==> ignore
  remove lib [gcc]
  remove lib [gcc_s]
  remove lib [gcc]
  remove lib [gcc_s]
  collapse library dir [/usr/lib/gcc/x86_64-redhat-linux/4.4.7] ==> [/usr/lib/gcc/x86_64-redhat-linux/4.4.7]
  collapse library dir [/usr/lib/gcc/x86_64-redhat-linux/4.4.7] ==> [/usr/lib/gcc/x86_64-redhat-linux/4.4.7]
  collapse library dir [/usr/lib/gcc/x86_64-redhat-linux/4.4.7/../../../../lib64] ==> [/usr/lib64]
  collapse library dir [/lib/../lib64] ==> [/lib64]
  collapse library dir [/usr/lib/../lib64] ==> [/usr/lib64]
  collapse library dir [/ccc/cont003/home/gen7317/richarje/use-local/classic-llcmcpp/lib] ==> [/ccc/cont003/home/gen7317/richarje/use-local/classic-llcmcpp/lib]
  collapse library dir [/usr/local/fftw3-3.3.1/lib] ==> [/usr/local/fftw3-3.3.1/lib]
  collapse library dir [/ccc/cont003/home/gen7317/richarje/use-local/install/boost/lib] ==> [/ccc/cont003/home/gen7317/richarje/use-local/install/boost/lib]
  collapse library dir [/ccc/cont003/home/gen7317/richarje/use-local/install/omniorb/lib] ==> [/ccc/cont003/home/gen7317/richarje/use-local/install/omniorb/lib]
  collapse library dir [/ccc/cont003/home/gen7317/richarje/use-local/install/tinyxml/lib] ==> [/ccc/cont003/home/gen7317/richarje/use-local/install/tinyxml/lib]
  collapse library dir [/ccc/cont003/home/gen7317/richarje/use-local/install/2decomp/lib] ==> [/ccc/cont003/home/gen7317/richarje/use-local/install/2decomp/lib]
  collapse library dir [/usr/local/fftw3-3.3.1/lib] ==> [/usr/local/fftw3-3.3.1/lib]
  collapse library dir [/ccc/cont003/home/gen7317/richarje/use-local/install/boost/lib] ==> [/ccc/cont003/home/gen7317/richarje/use-local/install/boost/lib]
  collapse library dir [/ccc/cont003/home/gen7317/richarje/use-local/install/omniorb/lib] ==> [/ccc/cont003/home/gen7317/richarje/use-local/install/omniorb/lib]
  collapse library dir [/ccc/cont003/home/gen7317/richarje/use-local/install/tinyxml/lib] ==> [/ccc/cont003/home/gen7317/richarje/use-local/install/tinyxml/lib]
  collapse library dir [/ccc/cont003/home/gen7317/richarje/use-local/install/2decomp/lib] ==> [/ccc/cont003/home/gen7317/richarje/use-local/install/2decomp/lib]
  collapse library dir [/usr/lib/gcc/x86_64-redhat-linux/4.4.7/../../..] ==> [/usr/lib]
  implicit libs: [c]
  implicit dirs: [/usr/lib/gcc/x86_64-redhat-linux/4.4.7;/usr/lib64;/lib64;/ccc/cont003/home/gen7317/richarje/use-local/classic-llcmcpp/lib;/usr/local/fftw3-3.3.1/lib;/ccc/cont003/home/gen7317/richarje/use-local/install/boost/lib;/ccc/cont003/home/gen7317/richarje/use-local/install/omniorb/lib;/ccc/cont003/home/gen7317/richarje/use-local/install/tinyxml/lib;/ccc/cont003/home/gen7317/richarje/use-local/install/2decomp/lib;/usr/lib]
  implicit fwks: []


Determining if the CXX compiler works passed with the following output:
Change Dir: /ccc/cont003/home/gen7317/richarje/helene/HEAT/src-l2c/build/CMakeFiles/CMakeTmp

Run Build Command:/usr/bin/gmake "cmTryCompileExec1796238875/fast"
/usr/bin/gmake -f CMakeFiles/cmTryCompileExec1796238875.dir/build.make CMakeFiles/cmTryCompileExec1796238875.dir/build
gmake[1]: Entering directory `/ccc/cont003/dsku/zinc/home/user/gen7317/richarje/helene/HEAT/src-l2c/build/CMakeFiles/CMakeTmp'
/ccc/cont003/home/gen7317/richarje/use-local/install/cmake/bin/cmake -E cmake_progress_report /ccc/cont003/home/gen7317/richarje/helene/HEAT/src-l2c/build/CMakeFiles/CMakeTmp/CMakeFiles 1
Building CXX object CMakeFiles/cmTryCompileExec1796238875.dir/testCXXCompiler.cxx.o
/usr/bin/c++     -o CMakeFiles/cmTryCompileExec1796238875.dir/testCXXCompiler.cxx.o -c /ccc/cont003/home/gen7317/richarje/helene/HEAT/src-l2c/build/CMakeFiles/CMakeTmp/testCXXCompiler.cxx
Linking CXX executable cmTryCompileExec1796238875
/ccc/cont003/home/gen7317/richarje/use-local/install/cmake/bin/cmake -E cmake_link_script CMakeFiles/cmTryCompileExec1796238875.dir/link.txt --verbose=1
/usr/bin/c++        CMakeFiles/cmTryCompileExec1796238875.dir/testCXXCompiler.cxx.o  -o cmTryCompileExec1796238875 -rdynamic 
gmake[1]: Leaving directory `/ccc/cont003/dsku/zinc/home/user/gen7317/richarje/helene/HEAT/src-l2c/build/CMakeFiles/CMakeTmp'


Detecting CXX compiler ABI info compiled with the following output:
Change Dir: /ccc/cont003/home/gen7317/richarje/helene/HEAT/src-l2c/build/CMakeFiles/CMakeTmp

Run Build Command:/usr/bin/gmake "cmTryCompileExec4119206751/fast"
/usr/bin/gmake -f CMakeFiles/cmTryCompileExec4119206751.dir/build.make CMakeFiles/cmTryCompileExec4119206751.dir/build
gmake[1]: Entering directory `/ccc/cont003/dsku/zinc/home/user/gen7317/richarje/helene/HEAT/src-l2c/build/CMakeFiles/CMakeTmp'
/ccc/cont003/home/gen7317/richarje/use-local/install/cmake/bin/cmake -E cmake_progress_report /ccc/cont003/home/gen7317/richarje/helene/HEAT/src-l2c/build/CMakeFiles/CMakeTmp/CMakeFiles 1
Building CXX object CMakeFiles/cmTryCompileExec4119206751.dir/CMakeCXXCompilerABI.cpp.o
/usr/bin/c++     -o CMakeFiles/cmTryCompileExec4119206751.dir/CMakeCXXCompilerABI.cpp.o -c /ccc/cont003/home/gen7317/richarje/use-local/install/cmake/share/cmake-2.8/Modules/CMakeCXXCompilerABI.cpp
Linking CXX executable cmTryCompileExec4119206751
/ccc/cont003/home/gen7317/richarje/use-local/install/cmake/bin/cmake -E cmake_link_script CMakeFiles/cmTryCompileExec4119206751.dir/link.txt --verbose=1
/usr/bin/c++      -v CMakeFiles/cmTryCompileExec4119206751.dir/CMakeCXXCompilerABI.cpp.o  -o cmTryCompileExec4119206751 -rdynamic  
Using built-in specs.
Target: x86_64-redhat-linux
Configured with: ../configure --prefix=/usr --mandir=/usr/share/man --infodir=/usr/share/info --with-bugurl=http://bugzilla.redhat.com/bugzilla --enable-bootstrap --enable-shared --enable-threads=posix --enable-checking=release --with-system-zlib --enable-__cxa_atexit --disable-libunwind-exceptions --enable-gnu-unique-object --enable-languages=c,c++,objc,obj-c++,java,fortran,ada --enable-java-awt=gtk --disable-dssi --with-java-home=/usr/lib/jvm/java-1.5.0-gcj-1.5.0.0/jre --enable-libgcj-multifile --enable-java-maintainer-mode --with-ecj-jar=/usr/share/java/eclipse-ecj.jar --disable-libjava-multilib --with-ppl --with-cloog --with-tune=generic --with-arch_32=i686 --build=x86_64-redhat-linux
Thread model: posix
gcc version 4.4.7 20120313 (Red Hat 4.4.7-4) (GCC) 
COMPILER_PATH=/usr/libexec/gcc/x86_64-redhat-linux/4.4.7/:/usr/libexec/gcc/x86_64-redhat-linux/4.4.7/:/usr/libexec/gcc/x86_64-redhat-linux/:/usr/lib/gcc/x86_64-redhat-linux/4.4.7/:/usr/lib/gcc/x86_64-redhat-linux/:/usr/libexec/gcc/x86_64-redhat-linux/4.4.7/:/usr/libexec/gcc/x86_64-redhat-linux/:/usr/lib/gcc/x86_64-redhat-linux/4.4.7/:/usr/lib/gcc/x86_64-redhat-linux/
LIBRARY_PATH=/usr/lib/gcc/x86_64-redhat-linux/4.4.7/:/usr/lib/gcc/x86_64-redhat-linux/4.4.7/:/usr/lib/gcc/x86_64-redhat-linux/4.4.7/../../../../lib64/:/lib/../lib64/:/usr/lib/../lib64/:/ccc/cont003/home/gen7317/richarje/use-local/classic-llcmcpp/lib/:/usr/local/fftw3-3.3.1/lib/:/ccc/cont003/home/gen7317/richarje/use-local/install/boost/lib/:/ccc/cont003/home/gen7317/richarje/use-local/install/omniorb/lib/:/ccc/cont003/home/gen7317/richarje/use-local/install/tinyxml/lib/:/ccc/cont003/home/gen7317/richarje/use-local/install/2decomp/lib/:/usr/local/fftw3-3.3.1/lib/:/ccc/cont003/home/gen7317/richarje/use-local/install/boost/lib/:/ccc/cont003/home/gen7317/richarje/use-local/install/omniorb/lib/:/ccc/cont003/home/gen7317/richarje/use-local/install/tinyxml/lib/:/ccc/cont003/home/gen7317/richarje/use-local/install/2decomp/lib/:./:/usr/lib/gcc/x86_64-redhat-linux/4.4.7/../../../:/lib/:/usr/lib/
COLLECT_GCC_OPTIONS='-v' '-o' 'cmTryCompileExec4119206751' '-rdynamic' '-shared-libgcc' '-mtune=generic'
 /usr/libexec/gcc/x86_64-redhat-linux/4.4.7/collect2 --eh-frame-hdr --build-id -m elf_x86_64 --hash-style=gnu -export-dynamic -dynamic-linker /lib64/ld-linux-x86-64.so.2 -o cmTryCompileExec4119206751 /usr/lib/gcc/x86_64-redhat-linux/4.4.7/../../../../lib64/crt1.o /usr/lib/gcc/x86_64-redhat-linux/4.4.7/../../../../lib64/crti.o /usr/lib/gcc/x86_64-redhat-linux/4.4.7/crtbegin.o -L/usr/lib/gcc/x86_64-redhat-linux/4.4.7 -L/usr/lib/gcc/x86_64-redhat-linux/4.4.7 -L/usr/lib/gcc/x86_64-redhat-linux/4.4.7/../../../../lib64 -L/lib/../lib64 -L/usr/lib/../lib64 -L/ccc/cont003/home/gen7317/richarje/use-local/classic-llcmcpp/lib -L/usr/local/fftw3-3.3.1/lib -L/ccc/cont003/home/gen7317/richarje/use-local/install/boost/lib -L/ccc/cont003/home/gen7317/richarje/use-local/install/omniorb/lib -L/ccc/cont003/home/gen7317/richarje/use-local/install/tinyxml/lib -L/ccc/cont003/home/gen7317/richarje/use-local/install/2decomp/lib -L/usr/local/fftw3-3.3.1/lib -L/ccc/cont003/home/gen7317/richarje/use-local/install/boost/lib -L/ccc/cont003/home/gen7317/richarje/use-local/install/omniorb/lib -L/ccc/cont003/home/gen7317/richarje/use-local/install/tinyxml/lib -L/ccc/cont003/home/gen7317/richarje/use-local/install/2decomp/lib -L. -L/usr/lib/gcc/x86_64-redhat-linux/4.4.7/../../.. CMakeFiles/cmTryCompileExec4119206751.dir/CMakeCXXCompilerABI.cpp.o -lstdc++ -lm -lgcc_s -lgcc -lc -lgcc_s -lgcc /usr/lib/gcc/x86_64-redhat-linux/4.4.7/crtend.o /usr/lib/gcc/x86_64-redhat-linux/4.4.7/../../../../lib64/crtn.o
gmake[1]: Leaving directory `/ccc/cont003/dsku/zinc/home/user/gen7317/richarje/helene/HEAT/src-l2c/build/CMakeFiles/CMakeTmp'


Parsed CXX implicit link information from above output:
  link line regex: [^( *|.*[/\])(ld|([^/\]+-)?ld|collect2)[^/\]*( |$)]
  ignore line: [Change Dir: /ccc/cont003/home/gen7317/richarje/helene/HEAT/src-l2c/build/CMakeFiles/CMakeTmp]
  ignore line: []
  ignore line: [Run Build Command:/usr/bin/gmake "cmTryCompileExec4119206751/fast"]
  ignore line: [/usr/bin/gmake -f CMakeFiles/cmTryCompileExec4119206751.dir/build.make CMakeFiles/cmTryCompileExec4119206751.dir/build]
  ignore line: [gmake[1]: Entering directory `/ccc/cont003/dsku/zinc/home/user/gen7317/richarje/helene/HEAT/src-l2c/build/CMakeFiles/CMakeTmp']
  ignore line: [/ccc/cont003/home/gen7317/richarje/use-local/install/cmake/bin/cmake -E cmake_progress_report /ccc/cont003/home/gen7317/richarje/helene/HEAT/src-l2c/build/CMakeFiles/CMakeTmp/CMakeFiles 1]
  ignore line: [Building CXX object CMakeFiles/cmTryCompileExec4119206751.dir/CMakeCXXCompilerABI.cpp.o]
  ignore line: [/usr/bin/c++     -o CMakeFiles/cmTryCompileExec4119206751.dir/CMakeCXXCompilerABI.cpp.o -c /ccc/cont003/home/gen7317/richarje/use-local/install/cmake/share/cmake-2.8/Modules/CMakeCXXCompilerABI.cpp]
  ignore line: [Linking CXX executable cmTryCompileExec4119206751]
  ignore line: [/ccc/cont003/home/gen7317/richarje/use-local/install/cmake/bin/cmake -E cmake_link_script CMakeFiles/cmTryCompileExec4119206751.dir/link.txt --verbose=1]
  ignore line: [/usr/bin/c++      -v CMakeFiles/cmTryCompileExec4119206751.dir/CMakeCXXCompilerABI.cpp.o  -o cmTryCompileExec4119206751 -rdynamic  ]
  ignore line: [Using built-in specs.]
  ignore line: [Target: x86_64-redhat-linux]
  ignore line: [Configured with: ../configure --prefix=/usr --mandir=/usr/share/man --infodir=/usr/share/info --with-bugurl=http://bugzilla.redhat.com/bugzilla --enable-bootstrap --enable-shared --enable-threads=posix --enable-checking=release --with-system-zlib --enable-__cxa_atexit --disable-libunwind-exceptions --enable-gnu-unique-object --enable-languages=c,c++,objc,obj-c++,java,fortran,ada --enable-java-awt=gtk --disable-dssi --with-java-home=/usr/lib/jvm/java-1.5.0-gcj-1.5.0.0/jre --enable-libgcj-multifile --enable-java-maintainer-mode --with-ecj-jar=/usr/share/java/eclipse-ecj.jar --disable-libjava-multilib --with-ppl --with-cloog --with-tune=generic --with-arch_32=i686 --build=x86_64-redhat-linux]
  ignore line: [Thread model: posix]
  ignore line: [gcc version 4.4.7 20120313 (Red Hat 4.4.7-4) (GCC) ]
  ignore line: [COMPILER_PATH=/usr/libexec/gcc/x86_64-redhat-linux/4.4.7/:/usr/libexec/gcc/x86_64-redhat-linux/4.4.7/:/usr/libexec/gcc/x86_64-redhat-linux/:/usr/lib/gcc/x86_64-redhat-linux/4.4.7/:/usr/lib/gcc/x86_64-redhat-linux/:/usr/libexec/gcc/x86_64-redhat-linux/4.4.7/:/usr/libexec/gcc/x86_64-redhat-linux/:/usr/lib/gcc/x86_64-redhat-linux/4.4.7/:/usr/lib/gcc/x86_64-redhat-linux/]
  ignore line: [LIBRARY_PATH=/usr/lib/gcc/x86_64-redhat-linux/4.4.7/:/usr/lib/gcc/x86_64-redhat-linux/4.4.7/:/usr/lib/gcc/x86_64-redhat-linux/4.4.7/../../../../lib64/:/lib/../lib64/:/usr/lib/../lib64/:/ccc/cont003/home/gen7317/richarje/use-local/classic-llcmcpp/lib/:/usr/local/fftw3-3.3.1/lib/:/ccc/cont003/home/gen7317/richarje/use-local/install/boost/lib/:/ccc/cont003/home/gen7317/richarje/use-local/install/omniorb/lib/:/ccc/cont003/home/gen7317/richarje/use-local/install/tinyxml/lib/:/ccc/cont003/home/gen7317/richarje/use-local/install/2decomp/lib/:/usr/local/fftw3-3.3.1/lib/:/ccc/cont003/home/gen7317/richarje/use-local/install/boost/lib/:/ccc/cont003/home/gen7317/richarje/use-local/install/omniorb/lib/:/ccc/cont003/home/gen7317/richarje/use-local/install/tinyxml/lib/:/ccc/cont003/home/gen7317/richarje/use-local/install/2decomp/lib/:./:/usr/lib/gcc/x86_64-redhat-linux/4.4.7/../../../:/lib/:/usr/lib/]
  ignore line: [COLLECT_GCC_OPTIONS='-v' '-o' 'cmTryCompileExec4119206751' '-rdynamic' '-shared-libgcc' '-mtune=generic']
  link line: [ /usr/libexec/gcc/x86_64-redhat-linux/4.4.7/collect2 --eh-frame-hdr --build-id -m elf_x86_64 --hash-style=gnu -export-dynamic -dynamic-linker /lib64/ld-linux-x86-64.so.2 -o cmTryCompileExec4119206751 /usr/lib/gcc/x86_64-redhat-linux/4.4.7/../../../../lib64/crt1.o /usr/lib/gcc/x86_64-redhat-linux/4.4.7/../../../../lib64/crti.o /usr/lib/gcc/x86_64-redhat-linux/4.4.7/crtbegin.o -L/usr/lib/gcc/x86_64-redhat-linux/4.4.7 -L/usr/lib/gcc/x86_64-redhat-linux/4.4.7 -L/usr/lib/gcc/x86_64-redhat-linux/4.4.7/../../../../lib64 -L/lib/../lib64 -L/usr/lib/../lib64 -L/ccc/cont003/home/gen7317/richarje/use-local/classic-llcmcpp/lib -L/usr/local/fftw3-3.3.1/lib -L/ccc/cont003/home/gen7317/richarje/use-local/install/boost/lib -L/ccc/cont003/home/gen7317/richarje/use-local/install/omniorb/lib -L/ccc/cont003/home/gen7317/richarje/use-local/install/tinyxml/lib -L/ccc/cont003/home/gen7317/richarje/use-local/install/2decomp/lib -L/usr/local/fftw3-3.3.1/lib -L/ccc/cont003/home/gen7317/richarje/use-local/install/boost/lib -L/ccc/cont003/home/gen7317/richarje/use-local/install/omniorb/lib -L/ccc/cont003/home/gen7317/richarje/use-local/install/tinyxml/lib -L/ccc/cont003/home/gen7317/richarje/use-local/install/2decomp/lib -L. -L/usr/lib/gcc/x86_64-redhat-linux/4.4.7/../../.. CMakeFiles/cmTryCompileExec4119206751.dir/CMakeCXXCompilerABI.cpp.o -lstdc++ -lm -lgcc_s -lgcc -lc -lgcc_s -lgcc /usr/lib/gcc/x86_64-redhat-linux/4.4.7/crtend.o /usr/lib/gcc/x86_64-redhat-linux/4.4.7/../../../../lib64/crtn.o]
    arg [/usr/libexec/gcc/x86_64-redhat-linux/4.4.7/collect2] ==> ignore
    arg [--eh-frame-hdr] ==> ignore
    arg [--build-id] ==> ignore
    arg [-m] ==> ignore
    arg [elf_x86_64] ==> ignore
    arg [--hash-style=gnu] ==> ignore
    arg [-export-dynamic] ==> ignore
    arg [-dynamic-linker] ==> ignore
    arg [/lib64/ld-linux-x86-64.so.2] ==> ignore
    arg [-o] ==> ignore
    arg [cmTryCompileExec4119206751] ==> ignore
    arg [/usr/lib/gcc/x86_64-redhat-linux/4.4.7/../../../../lib64/crt1.o] ==> ignore
    arg [/usr/lib/gcc/x86_64-redhat-linux/4.4.7/../../../../lib64/crti.o] ==> ignore
    arg [/usr/lib/gcc/x86_64-redhat-linux/4.4.7/crtbegin.o] ==> ignore
    arg [-L/usr/lib/gcc/x86_64-redhat-linux/4.4.7] ==> dir [/usr/lib/gcc/x86_64-redhat-linux/4.4.7]
    arg [-L/usr/lib/gcc/x86_64-redhat-linux/4.4.7] ==> dir [/usr/lib/gcc/x86_64-redhat-linux/4.4.7]
    arg [-L/usr/lib/gcc/x86_64-redhat-linux/4.4.7/../../../../lib64] ==> dir [/usr/lib/gcc/x86_64-redhat-linux/4.4.7/../../../../lib64]
    arg [-L/lib/../lib64] ==> dir [/lib/../lib64]
    arg [-L/usr/lib/../lib64] ==> dir [/usr/lib/../lib64]
    arg [-L/ccc/cont003/home/gen7317/richarje/use-local/classic-llcmcpp/lib] ==> dir [/ccc/cont003/home/gen7317/richarje/use-local/classic-llcmcpp/lib]
    arg [-L/usr/local/fftw3-3.3.1/lib] ==> dir [/usr/local/fftw3-3.3.1/lib]
    arg [-L/ccc/cont003/home/gen7317/richarje/use-local/install/boost/lib] ==> dir [/ccc/cont003/home/gen7317/richarje/use-local/install/boost/lib]
    arg [-L/ccc/cont003/home/gen7317/richarje/use-local/install/omniorb/lib] ==> dir [/ccc/cont003/home/gen7317/richarje/use-local/install/omniorb/lib]
    arg [-L/ccc/cont003/home/gen7317/richarje/use-local/install/tinyxml/lib] ==> dir [/ccc/cont003/home/gen7317/richarje/use-local/install/tinyxml/lib]
    arg [-L/ccc/cont003/home/gen7317/richarje/use-local/install/2decomp/lib] ==> dir [/ccc/cont003/home/gen7317/richarje/use-local/install/2decomp/lib]
    arg [-L/usr/local/fftw3-3.3.1/lib] ==> dir [/usr/local/fftw3-3.3.1/lib]
    arg [-L/ccc/cont003/home/gen7317/richarje/use-local/install/boost/lib] ==> dir [/ccc/cont003/home/gen7317/richarje/use-local/install/boost/lib]
    arg [-L/ccc/cont003/home/gen7317/richarje/use-local/install/omniorb/lib] ==> dir [/ccc/cont003/home/gen7317/richarje/use-local/install/omniorb/lib]
    arg [-L/ccc/cont003/home/gen7317/richarje/use-local/install/tinyxml/lib] ==> dir [/ccc/cont003/home/gen7317/richarje/use-local/install/tinyxml/lib]
    arg [-L/ccc/cont003/home/gen7317/richarje/use-local/install/2decomp/lib] ==> dir [/ccc/cont003/home/gen7317/richarje/use-local/install/2decomp/lib]
    arg [-L.] ==> ignore
    arg [-L/usr/lib/gcc/x86_64-redhat-linux/4.4.7/../../..] ==> dir [/usr/lib/gcc/x86_64-redhat-linux/4.4.7/../../..]
    arg [CMakeFiles/cmTryCompileExec4119206751.dir/CMakeCXXCompilerABI.cpp.o] ==> ignore
    arg [-lstdc++] ==> lib [stdc++]
    arg [-lm] ==> lib [m]
    arg [-lgcc_s] ==> lib [gcc_s]
    arg [-lgcc] ==> lib [gcc]
    arg [-lc] ==> lib [c]
    arg [-lgcc_s] ==> lib [gcc_s]
    arg [-lgcc] ==> lib [gcc]
    arg [/usr/lib/gcc/x86_64-redhat-linux/4.4.7/crtend.o] ==> ignore
    arg [/usr/lib/gcc/x86_64-redhat-linux/4.4.7/../../../../lib64/crtn.o] ==> ignore
  remove lib [gcc_s]
  remove lib [gcc]
  remove lib [gcc_s]
  remove lib [gcc]
  collapse library dir [/usr/lib/gcc/x86_64-redhat-linux/4.4.7] ==> [/usr/lib/gcc/x86_64-redhat-linux/4.4.7]
  collapse library dir [/usr/lib/gcc/x86_64-redhat-linux/4.4.7] ==> [/usr/lib/gcc/x86_64-redhat-linux/4.4.7]
  collapse library dir [/usr/lib/gcc/x86_64-redhat-linux/4.4.7/../../../../lib64] ==> [/usr/lib64]
  collapse library dir [/lib/../lib64] ==> [/lib64]
  collapse library dir [/usr/lib/../lib64] ==> [/usr/lib64]
  collapse library dir [/ccc/cont003/home/gen7317/richarje/use-local/classic-llcmcpp/lib] ==> [/ccc/cont003/home/gen7317/richarje/use-local/classic-llcmcpp/lib]
  collapse library dir [/usr/local/fftw3-3.3.1/lib] ==> [/usr/local/fftw3-3.3.1/lib]
  collapse library dir [/ccc/cont003/home/gen7317/richarje/use-local/install/boost/lib] ==> [/ccc/cont003/home/gen7317/richarje/use-local/install/boost/lib]
  collapse library dir [/ccc/cont003/home/gen7317/richarje/use-local/install/omniorb/lib] ==> [/ccc/cont003/home/gen7317/richarje/use-local/install/omniorb/lib]
  collapse library dir [/ccc/cont003/home/gen7317/richarje/use-local/install/tinyxml/lib] ==> [/ccc/cont003/home/gen7317/richarje/use-local/install/tinyxml/lib]
  collapse library dir [/ccc/cont003/home/gen7317/richarje/use-local/install/2decomp/lib] ==> [/ccc/cont003/home/gen7317/richarje/use-local/install/2decomp/lib]
  collapse library dir [/usr/local/fftw3-3.3.1/lib] ==> [/usr/local/fftw3-3.3.1/lib]
  collapse library dir [/ccc/cont003/home/gen7317/richarje/use-local/install/boost/lib] ==> [/ccc/cont003/home/gen7317/richarje/use-local/install/boost/lib]
  collapse library dir [/ccc/cont003/home/gen7317/richarje/use-local/install/omniorb/lib] ==> [/ccc/cont003/home/gen7317/richarje/use-local/install/omniorb/lib]
  collapse library dir [/ccc/cont003/home/gen7317/richarje/use-local/install/tinyxml/lib] ==> [/ccc/cont003/home/gen7317/richarje/use-local/install/tinyxml/lib]
  collapse library dir [/ccc/cont003/home/gen7317/richarje/use-local/install/2decomp/lib] ==> [/ccc/cont003/home/gen7317/richarje/use-local/install/2decomp/lib]
  collapse library dir [/usr/lib/gcc/x86_64-redhat-linux/4.4.7/../../..] ==> [/usr/lib]
  implicit libs: [stdc++;m;c]
  implicit dirs: [/usr/lib/gcc/x86_64-redhat-linux/4.4.7;/usr/lib64;/lib64;/ccc/cont003/home/gen7317/richarje/use-local/classic-llcmcpp/lib;/usr/local/fftw3-3.3.1/lib;/ccc/cont003/home/gen7317/richarje/use-local/install/boost/lib;/ccc/cont003/home/gen7317/richarje/use-local/install/omniorb/lib;/ccc/cont003/home/gen7317/richarje/use-local/install/tinyxml/lib;/ccc/cont003/home/gen7317/richarje/use-local/install/2decomp/lib;/usr/lib]
  implicit fwks: []


Performing C SOURCE FILE Test OpenMP_FLAG_DETECTED succeded with the following output:
Change Dir: /ccc/cont003/home/gen7317/richarje/helene/HEAT/src-l2c/build/CMakeFiles/CMakeTmp

Run Build Command:/usr/bin/gmake "cmTryCompileExec2210070262/fast"
/usr/bin/gmake -f CMakeFiles/cmTryCompileExec2210070262.dir/build.make CMakeFiles/cmTryCompileExec2210070262.dir/build
gmake[1]: Entering directory `/ccc/cont003/dsku/zinc/home/user/gen7317/richarje/helene/HEAT/src-l2c/build/CMakeFiles/CMakeTmp'
/ccc/cont003/home/gen7317/richarje/use-local/install/cmake/bin/cmake -E cmake_progress_report /ccc/cont003/home/gen7317/richarje/helene/HEAT/src-l2c/build/CMakeFiles/CMakeTmp/CMakeFiles 1
Building C object CMakeFiles/cmTryCompileExec2210070262.dir/src.c.o
/usr/bin/cc   -DOpenMP_FLAG_DETECTED -fopenmp   -o CMakeFiles/cmTryCompileExec2210070262.dir/src.c.o   -c /ccc/cont003/home/gen7317/richarje/helene/HEAT/src-l2c/build/CMakeFiles/CMakeTmp/src.c
Linking C executable cmTryCompileExec2210070262
/ccc/cont003/home/gen7317/richarje/use-local/install/cmake/bin/cmake -E cmake_link_script CMakeFiles/cmTryCompileExec2210070262.dir/link.txt --verbose=1
/usr/bin/cc   -DOpenMP_FLAG_DETECTED -fopenmp    CMakeFiles/cmTryCompileExec2210070262.dir/src.c.o  -o cmTryCompileExec2210070262 -rdynamic 
gmake[1]: Leaving directory `/ccc/cont003/dsku/zinc/home/user/gen7317/richarje/helene/HEAT/src-l2c/build/CMakeFiles/CMakeTmp'

Source file was:

#include <omp.h>
int main() {
#ifdef _OPENMP
  return 0;
#else
  breaks_on_purpose
#endif
}

Performing C++ SOURCE FILE Test OpenMP_FLAG_DETECTED succeded with the following output:
Change Dir: /ccc/cont003/home/gen7317/richarje/helene/HEAT/src-l2c/build/CMakeFiles/CMakeTmp

Run Build Command:/usr/bin/gmake "cmTryCompileExec1017734265/fast"
/usr/bin/gmake -f CMakeFiles/cmTryCompileExec1017734265.dir/build.make CMakeFiles/cmTryCompileExec1017734265.dir/build
gmake[1]: Entering directory `/ccc/cont003/dsku/zinc/home/user/gen7317/richarje/helene/HEAT/src-l2c/build/CMakeFiles/CMakeTmp'
/ccc/cont003/home/gen7317/richarje/use-local/install/cmake/bin/cmake -E cmake_progress_report /ccc/cont003/home/gen7317/richarje/helene/HEAT/src-l2c/build/CMakeFiles/CMakeTmp/CMakeFiles 1
Building CXX object CMakeFiles/cmTryCompileExec1017734265.dir/src.cxx.o
/usr/bin/c++    -O2 -DOpenMP_FLAG_DETECTED -fopenmp   -o CMakeFiles/cmTryCompileExec1017734265.dir/src.cxx.o -c /ccc/cont003/home/gen7317/richarje/helene/HEAT/src-l2c/build/CMakeFiles/CMakeTmp/src.cxx
Linking CXX executable cmTryCompileExec1017734265
/ccc/cont003/home/gen7317/richarje/use-local/install/cmake/bin/cmake -E cmake_link_script CMakeFiles/cmTryCompileExec1017734265.dir/link.txt --verbose=1
/usr/bin/c++   -O2 -DOpenMP_FLAG_DETECTED -fopenmp    CMakeFiles/cmTryCompileExec1017734265.dir/src.cxx.o  -o cmTryCompileExec1017734265 -rdynamic 
gmake[1]: Leaving directory `/ccc/cont003/dsku/zinc/home/user/gen7317/richarje/helene/HEAT/src-l2c/build/CMakeFiles/CMakeTmp'

Source file was:

#include <omp.h>
int main() {
#ifdef _OPENMP
  return 0;
#else
  breaks_on_purpose
#endif
}

Determining if files pthread.h exist passed with the following output:
Change Dir: /ccc/cont003/home/gen7317/richarje/helene/HEAT/src-l2c/build/CMakeFiles/CMakeTmp

Run Build Command:/usr/bin/gmake "cmTryCompileExec2958699865/fast"
/usr/bin/gmake -f CMakeFiles/cmTryCompileExec2958699865.dir/build.make CMakeFiles/cmTryCompileExec2958699865.dir/build
gmake[1]: Entering directory `/ccc/cont003/dsku/zinc/home/user/gen7317/richarje/helene/HEAT/src-l2c/build/CMakeFiles/CMakeTmp'
/ccc/cont003/home/gen7317/richarje/use-local/install/cmake/bin/cmake -E cmake_progress_report /ccc/cont003/home/gen7317/richarje/helene/HEAT/src-l2c/build/CMakeFiles/CMakeTmp/CMakeFiles 1
Building C object CMakeFiles/cmTryCompileExec2958699865.dir/CheckIncludeFiles.c.o
/usr/bin/cc    -o CMakeFiles/cmTryCompileExec2958699865.dir/CheckIncludeFiles.c.o   -c /ccc/cont003/home/gen7317/richarje/helene/HEAT/src-l2c/build/CMakeFiles/CMakeTmp/CheckIncludeFiles.c
Linking C executable cmTryCompileExec2958699865
/ccc/cont003/home/gen7317/richarje/use-local/install/cmake/bin/cmake -E cmake_link_script CMakeFiles/cmTryCompileExec2958699865.dir/link.txt --verbose=1
/usr/bin/cc       CMakeFiles/cmTryCompileExec2958699865.dir/CheckIncludeFiles.c.o  -o cmTryCompileExec2958699865 -rdynamic 
gmake[1]: Leaving directory `/ccc/cont003/dsku/zinc/home/user/gen7317/richarje/helene/HEAT/src-l2c/build/CMakeFiles/CMakeTmp'


Determining if the function pthread_create exists in the pthread passed with the following output:
Change Dir: /ccc/cont003/home/gen7317/richarje/helene/HEAT/src-l2c/build/CMakeFiles/CMakeTmp

Run Build Command:/usr/bin/gmake "cmTryCompileExec556728135/fast"
/usr/bin/gmake -f CMakeFiles/cmTryCompileExec556728135.dir/build.make CMakeFiles/cmTryCompileExec556728135.dir/build
gmake[1]: Entering directory `/ccc/cont003/dsku/zinc/home/user/gen7317/richarje/helene/HEAT/src-l2c/build/CMakeFiles/CMakeTmp'
/ccc/cont003/home/gen7317/richarje/use-local/install/cmake/bin/cmake -E cmake_progress_report /ccc/cont003/home/gen7317/richarje/helene/HEAT/src-l2c/build/CMakeFiles/CMakeTmp/CMakeFiles 1
Building C object CMakeFiles/cmTryCompileExec556728135.dir/CheckFunctionExists.c.o
/usr/bin/cc   -DCHECK_FUNCTION_EXISTS=pthread_create   -o CMakeFiles/cmTryCompileExec556728135.dir/CheckFunctionExists.c.o   -c /ccc/cont003/home/gen7317/richarje/use-local/install/cmake/share/cmake-2.8/Modules/CheckFunctionExists.c
Linking C executable cmTryCompileExec556728135
/ccc/cont003/home/gen7317/richarje/use-local/install/cmake/bin/cmake -E cmake_link_script CMakeFiles/cmTryCompileExec556728135.dir/link.txt --verbose=1
/usr/bin/cc   -DCHECK_FUNCTION_EXISTS=pthread_create    CMakeFiles/cmTryCompileExec556728135.dir/CheckFunctionExists.c.o  -o cmTryCompileExec556728135 -rdynamic -lpthread 
gmake[1]: Leaving directory `/ccc/cont003/dsku/zinc/home/user/gen7317/richarje/helene/HEAT/src-l2c/build/CMakeFiles/CMakeTmp'


