Determining if the pthread_create exist failed with the following output:
Change Dir: /ccc/cont003/home/gen7317/richarje/helene/HEAT/src-l2c/build/CMakeFiles/CMakeTmp

Run Build Command:/usr/bin/gmake "cmTryCompileExec4166913460/fast"
/usr/bin/gmake -f CMakeFiles/cmTryCompileExec4166913460.dir/build.make CMakeFiles/cmTryCompileExec4166913460.dir/build
gmake[1]: Entering directory `/ccc/cont003/dsku/zinc/home/user/gen7317/richarje/helene/HEAT/src-l2c/build/CMakeFiles/CMakeTmp'
/ccc/cont003/home/gen7317/richarje/use-local/install/cmake/bin/cmake -E cmake_progress_report /ccc/cont003/home/gen7317/richarje/helene/HEAT/src-l2c/build/CMakeFiles/CMakeTmp/CMakeFiles 1
Building C object CMakeFiles/cmTryCompileExec4166913460.dir/CheckSymbolExists.c.o
/usr/bin/cc    -o CMakeFiles/cmTryCompileExec4166913460.dir/CheckSymbolExists.c.o   -c /ccc/cont003/home/gen7317/richarje/helene/HEAT/src-l2c/build/CMakeFiles/CMakeTmp/CheckSymbolExists.c
Linking C executable cmTryCompileExec4166913460
/ccc/cont003/home/gen7317/richarje/use-local/install/cmake/bin/cmake -E cmake_link_script CMakeFiles/cmTryCompileExec4166913460.dir/link.txt --verbose=1
/usr/bin/cc       CMakeFiles/cmTryCompileExec4166913460.dir/CheckSymbolExists.c.o  -o cmTryCompileExec4166913460 -rdynamic 
CMakeFiles/cmTryCompileExec4166913460.dir/CheckSymbolExists.c.o: In function `main':
CheckSymbolExists.c:(.text+0xc): undefined reference to `pthread_create'
collect2: ld returned 1 exit status
gmake[1]: *** [cmTryCompileExec4166913460] Error 1
gmake[1]: Leaving directory `/ccc/cont003/dsku/zinc/home/user/gen7317/richarje/helene/HEAT/src-l2c/build/CMakeFiles/CMakeTmp'
gmake: *** [cmTryCompileExec4166913460/fast] Error 2

File /ccc/cont003/home/gen7317/richarje/helene/HEAT/src-l2c/build/CMakeFiles/CMakeTmp/CheckSymbolExists.c:
/* */
#include <pthread.h>

int main(int argc, char** argv)
{
  (void)argv;
#ifndef pthread_create
  return ((int*)(&pthread_create))[argc];
#else
  (void)argc;
  return 0;
#endif
}

Determining if the function pthread_create exists in the pthreads failed with the following output:
Change Dir: /ccc/cont003/home/gen7317/richarje/helene/HEAT/src-l2c/build/CMakeFiles/CMakeTmp

Run Build Command:/usr/bin/gmake "cmTryCompileExec3970804150/fast"
/usr/bin/gmake -f CMakeFiles/cmTryCompileExec3970804150.dir/build.make CMakeFiles/cmTryCompileExec3970804150.dir/build
gmake[1]: Entering directory `/ccc/cont003/dsku/zinc/home/user/gen7317/richarje/helene/HEAT/src-l2c/build/CMakeFiles/CMakeTmp'
/ccc/cont003/home/gen7317/richarje/use-local/install/cmake/bin/cmake -E cmake_progress_report /ccc/cont003/home/gen7317/richarje/helene/HEAT/src-l2c/build/CMakeFiles/CMakeTmp/CMakeFiles 1
Building C object CMakeFiles/cmTryCompileExec3970804150.dir/CheckFunctionExists.c.o
/usr/bin/cc   -DCHECK_FUNCTION_EXISTS=pthread_create   -o CMakeFiles/cmTryCompileExec3970804150.dir/CheckFunctionExists.c.o   -c /ccc/cont003/home/gen7317/richarje/use-local/install/cmake/share/cmake-2.8/Modules/CheckFunctionExists.c
Linking C executable cmTryCompileExec3970804150
/ccc/cont003/home/gen7317/richarje/use-local/install/cmake/bin/cmake -E cmake_link_script CMakeFiles/cmTryCompileExec3970804150.dir/link.txt --verbose=1
/usr/bin/cc   -DCHECK_FUNCTION_EXISTS=pthread_create    CMakeFiles/cmTryCompileExec3970804150.dir/CheckFunctionExists.c.o  -o cmTryCompileExec3970804150 -rdynamic -lpthreads 
/usr/bin/ld: cannot find -lpthreads
collect2: ld returned 1 exit status
gmake[1]: *** [cmTryCompileExec3970804150] Error 1
gmake[1]: Leaving directory `/ccc/cont003/dsku/zinc/home/user/gen7317/richarje/helene/HEAT/src-l2c/build/CMakeFiles/CMakeTmp'
gmake: *** [cmTryCompileExec3970804150/fast] Error 2


